<?xml version="1.0" encoding="UTF-8"?>
<testsuite name="InvoiceGeneratorTest" tests="1" skipped="0" failures="0" errors="0" timestamp="2021-05-28T19:57:39" hostname="LAPTOP-JK99497U" time="0.054">
  <properties/>
  <testcase name="givenUserIdReturnTheInvoice()" classname="InvoiceGeneratorTest" time="0.054"/>
  <system-out><![CDATA[]]></system-out>
  <system-err><![CDATA[]]></system-err>
</testsuite>
